<?xml version="1.0" encoding="UTF-8"?>
<!-- Generated by org.testng.reporters.JUnitReportReporter -->
<testsuite hostname="DESKTOP-IADEF9B" failures="0" tests="11" name="com.tutorialninja.testcases.Login_Test" time="193.578" errors="0" timestamp="2023-11-16T11:29:58 EST" skipped="0">
  <testcase classname="com.tutorialninja.testcases.Login_Test" name="verifyingLoginWithValidUserNameAndValidPassword" time="16.460"/>
  <testcase classname="com.tutorialninja.testcases.Login_Test" name="verifyingLoginWithValidUserNameAndValidPassword" time="29.235"/>
  <testcase classname="com.tutorialninja.testcases.Login_Test" name="verifyingLoginWithValidUserNameAndValidPassword" time="15.422"/>
  <testcase classname="com.tutorialninja.testcases.Login_Test" name="verifyingLoginWithValidUserNameAndValidPassword" time="16.800"/>
  <testcase classname="com.tutorialninja.testcases.Login_Test" name="verifyingLoginWithValidUserNameAndValidPassword" time="17.528"/>
  <testcase classname="com.tutorialninja.testcases.Login_Test" name="verifyingLoginWithValidUserNameAndValidPassword" time="17.518"/>
  <testcase classname="com.tutorialninja.testcases.Login_Test" name="verifyingLoginWithValidUserNameAndValidPassword" time="17.655"/>
  <testcase classname="com.tutorialninja.testcases.Login_Test" name="verifyLoginWithInValidUserNameAndValidPassword" time="19.415"/>
  <testcase classname="com.tutorialninja.testcases.Login_Test" name="verifyLoginWithValidUserNameAndInValidPassword" time="12.958"/>
  <testcase classname="com.tutorialninja.testcases.Login_Test" name="verifyLoginWithInValidUserNameAndInValidPassword" time="12.725"/>
  <testcase classname="com.tutorialninja.testcases.Login_Test" name="verifyLoginWithNoUserNameAndNoPassword" time="17.862"/>
</testsuite> <!-- com.tutorialninja.testcases.Login_Test -->
