<?xml version="1.0" encoding="UTF-8"?>
<!-- Generated by org.testng.reporters.JUnitReportReporter -->
<testsuite hostname="DESKTOP-IADEF9B" failures="0" tests="3" name="com.tutorialninja.testcases.SearchTest" time="33.006" errors="0" timestamp="2023-11-09T13:38:29 EST" skipped="0">
  <testcase classname="com.tutorialninja.testcases.SearchTest" name="searchProductWithValidProduct" time="11.150"/>
  <testcase classname="com.tutorialninja.testcases.SearchTest" name="verifySearchWithInvalidProduct" time="10.401"/>
  <testcase classname="com.tutorialninja.testcases.SearchTest" name="verifySearchWithNoProduct" time="11.455"/>
</testsuite> <!-- com.tutorialninja.testcases.SearchTest -->
